<?xml version="1.0" encoding="UTF-8"?>
<testng-results ignored="0" total="2" passed="2" failed="0" skipped="0">
  <reporter-output>
  </reporter-output>
  <suite started-at="2023-04-11T23:05:56 IST" name="com.test.AppTest" finished-at="2023-04-11T23:05:56 IST" duration-ms="101">
    <groups>
    </groups>
    <test started-at="2023-04-11T23:05:56 IST" name="Command line test" finished-at="2023-04-11T23:05:56 IST" duration-ms="101">
      <class name="com.test.AppTest">
        <test-method signature="testlogin1()[pri:0, instance:com.test.AppTest@1a482e36]" started-at="2023-04-11T23:05:56 IST" name="testlogin1" finished-at="2023-04-11T23:05:56 IST" duration-ms="15" status="PASS">
          <reporter-output>
          </reporter-output>
        </test-method> <!-- testlogin1 -->
        <test-method signature="testlogin2()[pri:0, instance:com.test.AppTest@1a482e36]" started-at="2023-04-11T23:05:56 IST" name="testlogin2" finished-at="2023-04-11T23:05:56 IST" duration-ms="1" status="PASS">
          <reporter-output>
          </reporter-output>
        </test-method> <!-- testlogin2 -->
      </class> <!-- com.test.AppTest -->
    </test> <!-- Command line test -->
  </suite> <!-- com.test.AppTest -->
</testng-results>
